f√©v 26 02:09:33 host=mail.mailo.com tls=on auth=on user=leo.hubert@mailo.cat from=leo.hubert@mailo.cat recipients=leo.hubert@univ-amu.fr mailsize=342 smtpstatus=250 smtpmsg='250 Message to be delivered' exitcode=EX_OK
f√©v 26 02:40:29 host=smtp.univ-amu.fr tls=on auth=on user=leo.hubert@univ-amu.fr from=leo.hubert@univ-amu.fr recipients=leo.hubert@mailo.cat mailsize=641 smtpstatus=250 smtpmsg='250 ok:  Message 14997827 accepted' exitcode=EX_OK
mar 02 12:59:54 host=smtp.univ-amu.fr tls=on auth=on user=leo.hubert@univ-amu.fr from=leo.hubert@univ-amu.fr recipients=leo.hubert@mailo.cat mailsize=316 smtpstatus=250 smtpmsg='250 ok:  Message 4693931 accepted' exitcode=EX_OK
mar 02 13:00:48 host=smtp.univ-amu.fr tls=on auth=on user=leo.hubert@univ-amu.fr from=leo.hubert@univ-amu.fr recipients=leo.hubert@mailo.cat mailsize=1509746 smtpstatus=250 smtpmsg='250 ok:  Message 4693970 accepted' exitcode=EX_OK
mar 07 13:28:15 host=mail.mailo.com tls=on auth=on user=leo.hubert@mailo.cat from=leo.hubert@mailo.cat recipients=valentina.corro@gmail.com mailsize=981 smtpstatus=250 smtpmsg='250 Message to be delivered' exitcode=EX_OK
mar 07 13:28:50 host=mail.mailo.com tls=on auth=on user=leo.hubert@mailo.cat from=leo.hubert@mailo.cat recipients=valentina.corro@gmail.com mailsize=6143 smtpstatus=250 smtpmsg='250 Message to be delivered' exitcode=EX_OK
mar 15 22:43:34 host=smtp.univ-amu.fr tls=on auth=on user=leo.hubert@univ-amu.fr from=leo.hubert@univ-amu.fr recipients=remy.cerda@univ-amu.fr mailsize=2670 smtpstatus=250 smtpmsg='250 ok:  Message 5865126 accepted' exitcode=EX_OK
mar 15 23:30:17 host=smtp.univ-amu.fr tls=on auth=on user=leo.hubert@univ-amu.fr from=leo.hubert@univ-amu.fr recipients=leo.hubert@mailo.cat mailsize=404 smtpstatus=250 smtpmsg='250 ok:  Message 5866901 accepted' exitcode=EX_OK
mar 15 23:32:33 host=smtp.univ-amu.fr tls=on auth=on user=leo.hubert@univ-amu.fr from=leo.hubert@univ-amu.fr recipients=leo.hubert@mailo.cat mailsize=475 smtpstatus=250 smtpmsg='250 ok:  Message 5866939 accepted' exitcode=EX_OK
mar 15 23:38:17 host=smtp.univ-amu.fr tls=on auth=on user=leo.hubert@univ-amu.fr from=leo.hubert@univ-amu.fr recipients=nathalie.CANIPAROLI@univ-amu.fr mailsize=3570 smtpstatus=250 smtpmsg='250 ok:  Message 5867023 accepted' exitcode=EX_OK
mar 20 15:49:15 host=mail.mailo.com tls=on auth=on user=leo.hubert@mailo.cat from=leo.hubert@mailo.cat recipients=karen.atlan@foncia.fr mailsize=1296 smtpstatus=250 smtpmsg='250 Message to be delivered' exitcode=EX_OK
mar 20 16:38:58 host=mail.mailo.com tls=on auth=on user=leo.hubert@mailo.cat from=leo.hubert@mailo.cat recipients=dioufsamuel@hotmail.com,guigogane@gmail.com,fabien.ottones@gmail.com,leo.hubert.lh@gmail.com,fab.coolmusic@gmail.com,martinez.jeremi.13@gmail.com mailsize=5900 smtpstatus=250 smtpmsg='250 Message to be delivered' exitcode=EX_OK
mar 22 12:55:31 host=smtp.univ-amu.fr tls=on auth=on user=leo.hubert@univ-amu.fr from=leo.hubert@univ-amu.fr recipients=dierk.schleicher@univ-amu.fr mailsize=656 smtpstatus=250 smtpmsg='250 ok:  Message 21765731 accepted' exitcode=EX_OK
mar 22 15:18:43 host=mail.mailo.com tls=on auth=on user=leo.hubert@mailo.cat from=leo.hubert@mailo.cat recipients=rezoprospec-subscribe@lists.riseup.net mailsize=766 smtpstatus=250 smtpmsg='250 Message to be delivered' exitcode=EX_OK
mar 22 15:28:52 host=mail.mailo.com tls=on auth=on user=leo.hubert@mailo.cat from=leo.hubert@mailo.cat recipients=sympa@lists.riseup.net mailsize=963 smtpstatus=250 smtpmsg='250 Message to be delivered' exitcode=EX_OK
mar 25 11:33:52 host=smtp.univ-amu.fr tls=on auth=on user=leo.hubert@univ-amu.fr from=leo.hubert@univ-amu.fr recipients=bastien.PACIFICO@univ-amu.fr,dierk.schleicher@gmx.de,volker.heiermann@univ-amu.fr mailsize=2254 smtpstatus=250 smtpmsg='250 ok:  Message 6711034 accepted' exitcode=EX_OK
mar 25 17:33:30 host=smtp.univ-amu.fr tls=on auth=on user=leo.hubert@univ-amu.fr from=leo.hubert@univ-amu.fr recipients=volker.heiermann@univ-amu.fr,dierk.schleicher@gmx.de,bastien.PACIFICO@univ-amu.fr mailsize=2024 smtpstatus=250 smtpmsg='250 ok:  Message 6752011 accepted' exitcode=EX_OK
mar 28 17:09:33 host=smtp.univ-amu.fr tls=on auth=on user=leo.hubert@univ-amu.fr from=leo.hubert@univ-amu.fr recipients=dierk.schleicher@gmx.de,bastien.PACIFICO@univ-amu.fr,volker.heiermann@univ-amu.fr mailsize=12109 smtpstatus=250 smtpmsg='250 ok:  Message 6908879 accepted' exitcode=EX_OK
mar 28 19:25:39 host=smtp.univ-amu.fr tls=on auth=on user=leo.hubert@univ-amu.fr from=leo.hubert@univ-amu.fr recipients=enea.parini@univ-amu.fr,post@volker-heiermann.de,dierk.schleicher@gmx.de,bastien.PACIFICO@univ-amu.fr,lionel.vaux@univ-amu.fr,nathalie.CANIPAROLI@univ-amu.fr,emmanuel.santiago@univ-amu.fr mailsize=1474 smtpstatus=250 smtpmsg='250 ok:  Message 23626939 accepted' exitcode=EX_OK
mar 29 23:39:59 host=smtp.univ-amu.fr tls=on auth=on user=leo.hubert@univ-amu.fr from=leo.hubert@univ-amu.fr recipients=lionel.vaux@univ-amu.fr mailsize=1603 smtpstatus=250 smtpmsg='250 ok:  Message 24027086 accepted' exitcode=EX_OK
mar 30 11:08:27 host=smtp.univ-amu.fr tls=on auth=on user=leo.hubert@univ-amu.fr from=leo.hubert@univ-amu.fr recipients=enea.parini@univ-amu.fr mailsize=1419 smtpstatus=250 smtpmsg='250 ok:  Message 24172634 accepted' exitcode=EX_OK
avr 05 21:28:30 host=smtp.univ-amu.fr tls=on auth=on user=leo.hubert@univ-amu.fr from=leo.hubert@univ-amu.fr recipients=zoe.yvon@univ-amu.fr,remy.cerda@univ-amu.fr mailsize=2043 smtpstatus=250 smtpmsg='250 ok:  Message 7550649 accepted' exitcode=EX_OK
avr 09 17:16:23 host=smtp.univ-amu.fr tls=on auth=on user=leo.hubert@univ-amu.fr from=leo.hubert@univ-amu.fr recipients=nathalie.CANIPAROLI@univ-amu.fr mailsize=1747 smtpstatus=250 smtpmsg='250 ok:  Message 7940324 accepted' exitcode=EX_OK
avr 14 14:41:15 host=smtp.univ-amu.fr tls=on auth=on user=leo.hubert@univ-amu.fr from=leo.hubert@univ-amu.fr recipients=dimitri.ara@univ-amu.fr mailsize=280499 smtpstatus=250 smtpmsg='250 ok:  Message 28624076 accepted' exitcode=EX_OK
avr 17 12:01:50 host=smtp.univ-amu.fr tls=on auth=on user=leo.hubert@univ-amu.fr from=leo.hubert@univ-amu.fr recipients=peter.haissinsky@univ-amu.fr mailsize=166313 smtpstatus=250 smtpmsg='250 ok:  Message 29480361 accepted' exitcode=EX_OK
avr 19 16:41:26 host=smtp.univ-amu.fr tls=on auth=on user=leo.hubert@univ-amu.fr from=leo.hubert@univ-amu.fr recipients=dimitri.ara@univ-amu.fr mailsize=783 smtpstatus=250 smtpmsg='250 ok:  Message 8642759 accepted' exitcode=EX_OK
avr 19 21:39:45 host=smtp.univ-amu.fr tls=on auth=on user=leo.hubert@univ-amu.fr from=leo.hubert@univ-amu.fr recipients=leo.hubert@mailo.bzh mailsize=375 smtpstatus=250 smtpmsg='250 ok:  Message 8660728 accepted' exitcode=EX_OK
avr 21 23:27:02 host=mail.mailo.com tls=on auth=on user=leo.hubert@mailo.cat from=leo.hubert@mailo.cat recipients=valentina.corro@gmail.com mailsize=477 smtpstatus=250 smtpmsg='250 Message to be delivered' exitcode=EX_OK
avr 24 00:00:34 host=mail.mailo.com tls=on auth=on user=leo.hubert@mailo.cat from=leo.hubert@mailo.cat recipients=valentina.corro@gmail.com mailsize=3219 smtpstatus=250 smtpmsg='250 Message to be delivered' exitcode=EX_OK
avr 24 16:29:14 host=mail.mailo.com tls=on auth=on user=leo.hubert@mailo.cat from=leo.hubert@mailo.cat recipients=fabien.ottones@gmail.com mailsize=3027 smtpstatus=250 smtpmsg='250 Message to be delivered' exitcode=EX_OK
avr 27 11:23:10 host=mail.mailo.com tls=on auth=on user=leo.hubert@mailo.cat from=leo.hubert@mailo.cat recipients=gagna@math.cas.cz mailsize=946 smtpstatus=250 smtpmsg='250 Message to be delivered' exitcode=EX_OK
avr 27 11:35:49 host=smtp.univ-amu.fr tls=on auth=on user=leo.hubert@univ-amu.fr from=leo.hubert@univ-amu.fr recipients=metayer@irif.fr mailsize=792 smtpstatus=250 smtpmsg='250 ok:  Message 9203136 accepted' exitcode=EX_OK
avr 27 12:39:30 host=smtp.univ-amu.fr tls=on auth=on user=leo.hubert@univ-amu.fr from=leo.hubert@univ-amu.fr recipients=enea.parini@univ-amu.fr mailsize=1687 smtpstatus=250 smtpmsg='250 ok:  Message 9212640 accepted' exitcode=EX_OK
avr 27 16:48:27 host=mail.mailo.com tls=on auth=on user=leo.hubert@mailo.cat from=leo.hubert@mailo.cat recipients=alexandre.monetto@rank-consulting.fr mailsize=734 smtpstatus=250 smtpmsg='250 Message to be delivered' exitcode=EX_OK
mai 01 17:38:35 host=mail.mailo.com tls=on auth=on user=leo.hubert@mailo.cat from=leo.hubert@mailo.cat recipients=leo.hubert@univ-amu.fr mailsize=322 smtpstatus=250 smtpmsg='250 Message to be delivered' exitcode=EX_OK
mai 05 22:39:06 host=mail.mailo.com tls=on auth=on user=leo.hubert@mailo.cat from=leo.hubert@mailo.cat recipients=valentina.corro@gmail.com mailsize=8250 smtpstatus=250 smtpmsg='250 Message to be delivered' exitcode=EX_OK
mai 14 17:08:35 host=mail.mailo.com tls=on auth=on user=leo.hubert@mailo.cat from=leo.hubert@mailo.cat recipients=valentina.corro@gmail.com mailsize=13950 smtpstatus=250 smtpmsg='250 Message to be delivered' exitcode=EX_OK
mai 15 15:59:24 host=mail.mailo.com tls=on auth=on user=leo.hubert@mailo.cat from=leo.hubert@mailo.cat recipients=leo.hubert@univ-amu.fr mailsize=307 smtpstatus=250 smtpmsg='250 Message to be delivered' exitcode=EX_OK
mai 15 16:00:00 host=smtp.univ-amu.fr tls=on auth=on user=leo.hubert@univ-amu.fr from=leo.hubert@univ-amu.fr recipients=leo.hubert@mailo.cat mailsize=597 smtpstatus=250 smtpmsg='250 ok:  Message 10383728 accepted' exitcode=EX_OK
mai 15 16:38:12 host=mail.mailo.com tls=on auth=on user=leo.hubert@mailo.cat from=leo.hubert@mailo.cat recipients=sciences-maths-direction@univ-amu.fr mailsize=3226 smtpstatus=250 smtpmsg='250 Message to be delivered' exitcode=EX_OK
mai 16 11:57:50 host=mail.mailo.com tls=on auth=on user=leo.hubert@mailo.cat from=leo.hubert@mailo.cat recipients=valentina.corro@gmail.com mailsize=977 smtpstatus=250 smtpmsg='250 Message to be delivered' exitcode=EX_OK
mai 16 11:59:11 host=mail.mailo.com tls=on auth=on user=leo.hubert@mailo.cat from=leo.hubert@mailo.cat recipients=valentina.corro@gmail.com mailsize=1052 smtpstatus=250 smtpmsg='250 Message to be delivered' exitcode=EX_OK
mai 20 14:16:11 host=smtp.univ-amu.fr tls=on auth=on user=leo.hubert@univ-amu.fr from=leo.hubert@univ-amu.fr recipients=bastien.pacifico@etu.univ-amu.fr,remy.CERDA@univ-amu.fr,zoe.YVON@univ-amu.fr mailsize=1886 smtpstatus=250 smtpmsg='250 ok:  Message 11307023 accepted' exitcode=EX_OK
mai 20 14:33:42 host=smtp.univ-amu.fr tls=on auth=on user=leo.hubert@univ-amu.fr from=leo.hubert@univ-amu.fr recipients=zoe.YVON@univ-amu.fr,bastien.pacifico@etu.univ-amu.fr,remy.CERDA@univ-amu.fr mailsize=2526 smtpstatus=250 smtpmsg='250 ok:  Message 39481263 accepted' exitcode=EX_OK
mai 20 15:42:03 host=smtp.univ-amu.fr tls=on auth=on user=leo.hubert@univ-amu.fr from=leo.hubert@univ-amu.fr recipients=metayer@irif.fr,lionel.vaux@univ-amu.fr,dimitri.ara@univ-amu.fr,yves.lafont@univ-amu.fr mailsize=1385 smtpstatus=250 smtpmsg='250 ok:  Message 11316202 accepted' exitcode=EX_OK
mai 20 15:48:07 host=smtp.univ-amu.fr tls=on auth=on user=leo.hubert@univ-amu.fr from=leo.hubert@univ-amu.fr recipients=remy.cerda@univ-amu.fr mailsize=5122 smtpstatus=250 smtpmsg='250 ok:  Message 11316794 accepted' exitcode=EX_OK
mai 20 18:31:03 host=smtp.univ-amu.fr tls=on auth=on user=leo.hubert@univ-amu.fr from=leo.hubert@univ-amu.fr recipients=remy.cerda@univ-amu.fr mailsize=1714 smtpstatus=250 smtpmsg='250 ok:  Message 11329926 accepted' exitcode=EX_OK
mai 24 21:38:21 host=mail.mailo.com tls=on auth=on user=leo.hubert@mailo.cat from=leo.hubert@mailo.cat recipients=valentina.corro@gmail.com mailsize=18726 smtpstatus=250 smtpmsg='250 Message to be delivered' exitcode=EX_OK
mai 24 21:45:35 host=mail.mailo.com tls=on auth=on user=leo.hubert@mailo.cat from=leo.hubert@mailo.cat recipients=valentina.corro@gmail.com mailsize=18167 smtpstatus=250 smtpmsg='250 Message to be delivered' exitcode=EX_OK
mai 24 21:51:56 host=mail.mailo.com tls=on auth=on user=leo.hubert@mailo.cat from=leo.hubert@mailo.cat recipients=valentina.corro@gmail.com mailsize=19338 smtpstatus=250 smtpmsg='250 Message to be delivered' exitcode=EX_OK
mai 24 21:56:26 host=mail.mailo.com tls=on auth=on user=leo.hubert@mailo.cat from=leo.hubert@mailo.cat recipients=leo.hubert@univ-amu.fr mailsize=19302 smtpstatus=250 smtpmsg='250 Message to be delivered' exitcode=EX_OK
mai 24 22:07:27 host=mail.mailo.com tls=on auth=on user=leo.hubert@mailo.cat from=leo.hubert@mailo.cat recipients=valentina.corro@gmail.com mailsize=407 smtpstatus=250 smtpmsg='250 Message to be delivered' exitcode=EX_OK
mai 24 22:16:22 host=smtp.univ-amu.fr tls=on auth=on user=leo.hubert@univ-amu.fr from=leo.hubert@univ-amu.fr recipients=leo.hubert@mailo.cat mailsize=321 smtpstatus=250 smtpmsg='250 ok:  Message 40289271 accepted' exitcode=EX_OK
mai 24 22:17:09 host=mail.mailo.com tls=on auth=on user=leo.hubert@mailo.cat from=leo.hubert@mailo.cat recipients=leo.hubert@univ-amu.fr mailsize=597 smtpstatus=250 smtpmsg='250 Message to be delivered' exitcode=EX_OK
mai 24 22:22:44 host=mail.mailo.com tls=on auth=on user=leo.hubert@mailo.cat from=leo.hubert@mailo.cat recipients=valentina.corro@gmail.com,leo.hubert@univ-amu.fr mailsize=18887 smtpstatus=250 smtpmsg='250 Message to be delivered' exitcode=EX_OK
mai 25 22:15:36 host=smtp.univ-amu.fr tls=on auth=on user=leo.hubert@univ-amu.fr from=leo.hubert@univ-amu.fr recipients=sary-aurelien.drappeau@univ-amu.fr mailsize=2600 smtpstatus=250 smtpmsg='250 ok:  Message 11583438 accepted' exitcode=EX_OK
jui 11 13:40:08 host=smtp.univ-amu.fr tls=on auth=on user=leo.hubert@univ-amu.fr from=leo.hubert@univ-amu.fr recipients=sary-aurelien.drappeau@univ-amu.fr mailsize=4915 smtpstatus=250 smtpmsg='250 ok:  Message 45955389 accepted' exitcode=EX_OK
jui 11 13:53:54 host=mail.mailo.com tls=on auth=on user=leo.hubert@mailo.cat from=leo.hubert@mailo.cat recipients=fabien.ottones@gmail.com mailsize=3342 smtpstatus=250 smtpmsg='250 Message to be delivered' exitcode=EX_OK
jui 12 13:44:59 host=smtp.univ-amu.fr tls=on auth=on user=leo.hubert@univ-amu.fr from=leo.hubert@univ-amu.fr recipients=sary-aurelien.drappeau@univ-amu.fr mailsize=6104 smtpstatus=250 smtpmsg='250 ok:  Message 46171767 accepted' exitcode=EX_OK
jui 19 17:33:07 host=smtp.univ-amu.fr tls=on auth=on user=leo.hubert@univ-amu.fr from=leo.hubert@univ-amu.fr recipients=metayer@irif.fr,lionel.vaux@univ-amu.fr,dimitri.ara@univ-amu.fr,yves.lafont@univ-amu.fr mailsize=2629 smtpstatus=250 smtpmsg='250 ok:  Message 47864051 accepted' exitcode=EX_OK
jui 21 14:00:12 host=mail.mailo.com tls=on auth=on user=leo.hubert@mailo.cat from=leo.hubert@mailo.cat recipients=lionel.vaux@univ-amu.fr,leo.hubert.lh@gmail.com,dimitri.ara@univ-amu.fr,metayer@irif.fr mailsize=28477 smtpstatus=250 smtpmsg='250 Message to be delivered' exitcode=EX_OK
jui 29 12:34:12 host=mail.mailo.com tls=on auth=on user=leo.hubert@mailo.cat from=leo.hubert@mailo.cat recipients=b.ivanova@protonmail.com mailsize=3480 smtpstatus=250 smtpmsg='250 Message to be delivered' exitcode=EX_OK
jui 29 15:50:35 host=mail.mailo.com tls=on auth=on user=leo.hubert@mailo.cat from=leo.hubert@mailo.cat recipients=leo.hubert@mailo.cat mailsize=21045 smtpstatus=250 smtpmsg='250 Message to be delivered' exitcode=EX_OK
jui 29 15:51:23 host=mail.mailo.com tls=on auth=on user=leo.hubert@mailo.cat from=leo.hubert@mailo.cat recipients=leo.hubert@mailo.cat mailsize=21020 smtpstatus=250 smtpmsg='250 Message to be delivered' exitcode=EX_OK
jui 29 16:14:55 host=mail.mailo.com tls=on auth=on user=leo.hubert@mailo.cat from=leo.hubert@mailo.cat recipients=leo.hubert@mailo.cat mailsize=45776 smtpstatus=250 smtpmsg='250 Message to be delivered' exitcode=EX_OK
jui 29 16:16:11 host=mail.mailo.com tls=on auth=on user=leo.hubert@mailo.cat from=leo.hubert@mailo.cat recipients=leo.hubert@mailo.cat mailsize=45812 smtpstatus=250 smtpmsg='250 Message to be delivered' exitcode=EX_OK
jui 29 16:20:16 host=mail.mailo.com tls=on auth=on user=leo.hubert@mailo.cat from=leo.hubert@mailo.cat recipients=dioufsamuel@hotmail.com,roxanedavid@hotmail.fr mailsize=2780 smtpstatus=250 smtpmsg='250 Message to be delivered' exitcode=EX_OK
jui 29 16:26:21 host=mail.mailo.com tls=on auth=on user=leo.hubert@mailo.cat from=leo.hubert@mailo.cat recipients=b.ivanova@protonmail.com mailsize=6072 smtpstatus=250 smtpmsg='250 Message to be delivered' exitcode=EX_OK
jui 29 16:55:04 host=mail.mailo.com tls=on auth=on user=leo.hubert@mailo.cat from=leo.hubert@mailo.cat recipients=b.ivanova@protonmail.com mailsize=6550 smtpstatus=250 smtpmsg='250 Message to be delivered' exitcode=EX_OK
jul 12 15:09:29 host=smtp.univ-amu.fr tls=on auth=on user=leo.hubert@univ-amu.fr from=leo.hubert@univ-amu.fr recipients=dimitri.ara@univ-amu.fr mailsize=5334 smtpstatus=250 smtpmsg='250 ok:  Message 54571821 accepted' exitcode=EX_OK
jul 15 13:51:35 host=mail.mailo.com tls=on auth=on user=leo.hubert@mailo.cat from=leo.hubert@mailo.cat recipients=ad.lucchini@gmail.com mailsize=17674628 smtpstatus=250 smtpmsg='250 Message to be delivered' exitcode=EX_OK
ao√ª 10 15:10:02 host=mail.mailo.com tls=on auth=on user=leo.hubert@mailo.cat from=leo.hubert@mailo.cat recipients=yannick@arpeges-am.fr mailsize=105439 smtpstatus=250 smtpmsg='250 Message to be delivered' exitcode=EX_OK
ao√ª 27 01:17:51 host=mail.mailo.com tls=on auth=on user=leo.hubert@mailo.cat from=leo.hubert@mailo.cat recipients=carlkaroyan@gmail.com mailsize=5185 smtpstatus=250 smtpmsg='250 Message to be delivered' exitcode=EX_OK
ao√ª 27 22:38:44 host=mail.mailo.com tls=on auth=on user=leo.hubert@mailo.cat from=leo.hubert@mailo.cat recipients=carlkaroyan@gmail.com mailsize=11689 smtpstatus=250 smtpmsg='250 Message to be delivered' exitcode=EX_OK
sep 04 17:08:42 host=mail.mailo.com tls=on auth=on user=leo.hubert@mailo.cat from=leo.hubert@mailo.cat recipients=manufalla1@yahoo.com mailsize=247209 smtpstatus=250 smtpmsg='250 Message to be delivered' exitcode=EX_OK
sep 15 17:48:25 host=mail.mailo.com tls=on auth=on user=leo.hubert@mailo.cat from=leo.hubert@mailo.cat recipients=fabien.ottones@gmail.com,paulphilibert5@gmail.com,leo.hubert.lh@gmail.com,dioufsamuel@hotmail.com,guigogane@gmail.com,martinez.jeremi.13@gmail.com,raph_tls@hotmail.fr,rmorello.jazzmarseille@gmail.com,vincentlafont.jazzmarseille@gmail.com mailsize=2999 smtpstatus=250 smtpmsg='250 Message to be delivered' exitcode=EX_OK
sep 20 22:55:18 host=mail.mailo.com tls=on auth=on user=leo.hubert@mailo.cat from=leo.hubert@mailo.cat recipients=rmorello.jazzmarseille@gmail.com mailsize=221288 smtpstatus=250 smtpmsg='250 Message to be delivered' exitcode=EX_OK
sep 21 14:44:05 host=smtp.univ-amu.fr tls=on auth=on user=leo.hubert@univ-amu.fr from=leo.hubert@univ-amu.fr recipients=lionel.vaux@univ-amu.fr,i2m-ldp@univ-amu.fr mailsize=1059 smtpstatus=250 smtpmsg='250 ok:  Message 71494843 accepted' exitcode=EX_OK
sep 22 16:40:27 host=smtp.univ-amu.fr tls=on auth=on user=leo.hubert@univ-amu.fr from=leo.hubert@univ-amu.fr recipients=enea.parini@univ-amu.fr mailsize=1599 smtpstatus=250 smtpmsg='250 ok:  Message 19660463 accepted' exitcode=EX_OK
sep 23 00:38:41 host=mail.mailo.com tls=on auth=on user=leo.hubert@mailo.cat from=leo.hubert@mailo.cat recipients=fab.coolmusic@gmail.com mailsize=1735 smtpstatus=250 smtpmsg='250 Message to be delivered' exitcode=EX_OK
sep 25 12:41:53 host=smtp.univ-amu.fr tls=on auth=on user=leo.hubert@univ-amu.fr from=leo.hubert@univ-amu.fr recipients=sary-aurelien.drappeau@univ-amu.fr mailsize=4910 smtpstatus=250 smtpmsg='250 ok:  Message 19929954 accepted' exitcode=EX_OK
sep 25 12:45:44 host=smtp.univ-amu.fr tls=on auth=on user=leo.hubert@univ-amu.fr from=leo.hubert@univ-amu.fr recipients=vdotsenko@unistra.fr mailsize=6772 smtpstatus=250 smtpmsg='250 ok:  Message 19930038 accepted' exitcode=EX_OK
sep 26 19:58:12 host=mail.mailo.com tls=on auth=on user=leo.hubert@mailo.cat from=leo.hubert@mailo.cat recipients=fabien.ottones@gmail.com mailsize=2894 smtpstatus=250 smtpmsg='250 Message to be delivered' exitcode=EX_OK
sep 30 21:41:40 host=mail.mailo.com tls=on auth=on user=leo.hubert@mailo.cat from=leo.hubert@mailo.cat recipients=b.ivanova@protonmail.com mailsize=994 smtpstatus=250 smtpmsg='250 Message to be delivered' exitcode=EX_OK
sep 30 21:57:56 host=mail.mailo.com tls=on auth=on user=leo.hubert@mailo.cat from=leo.hubert@mailo.cat recipients=damboutonnet@gmail.com mailsize=1814 smtpstatus=250 smtpmsg='250 Message to be delivered' exitcode=EX_OK
oct 03 23:07:43 host=smtp.univ-amu.fr tls=on auth=on user=leo.hubert@univ-amu.fr from=leo.hubert@univ-amu.fr recipients=durocheraurelie@gmail.com mailsize=7659 smtpstatus=250 smtpmsg='250 ok:  Message 20598012 accepted' exitcode=EX_OK
oct 18 14:04:09 host=smtp.univ-amu.fr tls=on auth=on user=leo.hubert@univ-amu.fr from=leo.hubert@univ-amu.fr recipients=maeva.bessi@univ-amu.fr mailsize=795 smtpstatus=250 smtpmsg='250 ok:  Message 21924522 accepted' exitcode=EX_OK
oct 18 14:07:38 host=smtp.univ-amu.fr tls=on auth=on user=leo.hubert@univ-amu.fr from=leo.hubert@univ-amu.fr recipients=vdotsenko@unistra.fr mailsize=331004 smtpstatus=250 smtpmsg='250 ok:  Message 21924798 accepted' exitcode=EX_OK
oct 29 22:47:16 host=mail.mailo.com tls=on auth=on user=leo.hubert@mailo.cat from=leo.hubert@mailo.cat recipients=guigogane@gmail.com mailsize=6390063 smtpstatus=250 smtpmsg='250 Message to be delivered' exitcode=EX_OK
nov 09 17:25:22 host=mail.mailo.com tls=on auth=on user=leo.hubert@mailo.cat from=leo.hubert@mailo.cat recipients=rmorello.jazzmarseille@gmail.com,leo.hubert.lh@gmail.com,fabien.ottones@gmail.com,fab.coolmusic@gmail.com,damboutonnet@gmail.com,timonimbert@gmail.com,benoit.moreau1@gmail.com mailsize=2882 smtpstatus=250 smtpmsg='250 Message to be delivered' exitcode=EX_OK
nov 11 11:43:40 host=mail.mailo.com tls=on auth=on user=leo.hubert@mailo.cat from=leo.hubert@mailo.cat recipients=fabien.ottones@gmail.com,rmorello.jazzmarseille@gmail.com,fab.coolmusic@gmail.com,timonimbert@gmail.com,benoit.moreau1@gmail.com,damboutonnet@gmail.com,vincentlafont.jazzmarseille@gmail.com mailsize=2525 smtpstatus=250 smtpmsg='250 Message to be delivered' exitcode=EX_OK
nov 14 14:29:01 host=smtp.univ-amu.fr tls=on auth=on user=leo.hubert@univ-amu.fr from=leo.hubert@univ-amu.fr recipients=sary-aurelien.drappeau@univ-amu.fr mailsize=5508 smtpstatus=250 smtpmsg='250 ok:  Message 24077586 accepted' exitcode=EX_OK
nov 21 10:57:48 host=smtp.univ-amu.fr tls=on auth=on user=leo.hubert@univ-amu.fr from=leo.hubert@univ-amu.fr recipients=sary-aurelien.drappeau@univ-amu.fr mailsize=1453 smtpstatus=250 smtpmsg='250 ok:  Message 24796912 accepted' exitcode=EX_OK
nov 21 11:31:11 host=smtp.univ-amu.fr tls=on auth=on user=leo.hubert@univ-amu.fr from=leo.hubert@univ-amu.fr recipients=lionel.vaux@univ-amu.fr mailsize=1000 smtpstatus=250 smtpmsg='250 ok:  Message 24806877 accepted' exitcode=EX_OK
nov 22 10:41:29 host=smtp.univ-amu.fr tls=on auth=on user=leo.hubert@univ-amu.fr from=leo.hubert@univ-amu.fr recipients=jean-francois.lagrange@univ-amu.fr mailsize=878 smtpstatus=250 smtpmsg='250 ok:  Message 24944500 accepted' exitcode=EX_OK
nov 22 18:41:22 host=smtp.univ-amu.fr tls=on auth=on user=leo.hubert@univ-amu.fr from=leo.hubert@univ-amu.fr recipients=maeva.BESSI@univ-amu.fr,lionel.vaux@univ-amu.fr mailsize=2183 smtpstatus=250 smtpmsg='250 ok:  Message 25047878 accepted' exitcode=EX_OK
nov 28 21:38:59 host=mail.mailo.com tls=on auth=on user=leo.hubert@mailo.cat from=leo.hubert@mailo.cat recipients=benoit.moreau1@gmail.com,damboutonnet@gmail.com,fabien.ottones@gmail.com,rmorello.jazzmarseille@gmail.com,timonimbert@gmail.com,fab.coolmusic@gmail.com mailsize=5124 smtpstatus=250 smtpmsg='250 Message to be delivered' exitcode=EX_OK
nov 29 14:06:04 host=smtp.univ-amu.fr tls=on auth=on user=leo.hubert@univ-amu.fr from=leo.hubert@univ-amu.fr recipients=felix.loubaton@gmail.com mailsize=784 smtpstatus=250 smtpmsg='250 ok:  Message 94418934 accepted' exitcode=EX_OK
d√©c 06 21:01:12 host=mail.mailo.com tls=on auth=on user=leo.hubert@mailo.cat from=leo.hubert@mailo.cat recipients=durocheraurelie@gmail.com mailsize=1674 smtpstatus=250 smtpmsg='250 Message to be delivered' exitcode=EX_OK
d√©c 06 21:02:51 host=mail.mailo.com tls=on auth=on user=leo.hubert@mailo.cat from=leo.hubert@mailo.cat recipients=b.ivanova@protonmail.com mailsize=1909 smtpstatus=250 smtpmsg='250 Message to be delivered' exitcode=EX_OK
d√©c 07 11:01:42 host=mail.mailo.com tls=on auth=on user=leo.hubert@mailo.cat from=leo.hubert@mailo.cat recipients=karen.atlan@foncia.fr mailsize=1128 smtpstatus=250 smtpmsg='250 Message to be delivered' exitcode=EX_OK
d√©c 07 22:43:46 host=mail.mailo.com tls=on auth=on user=leo.hubert@mailo.cat from=leo.hubert@mailo.cat recipients=roxanedavid@hotmail.fr mailsize=520 smtpstatus=250 smtpmsg='250 Message to be delivered' exitcode=EX_OK
d√©c 08 14:40:41 host=smtp.univ-amu.fr tls=on auth=on user=leo.hubert@univ-amu.fr from=leo.hubert@univ-amu.fr recipients=dimitri.ara@univ-amu.fr mailsize=1423 smtpstatus=250 smtpmsg='250 ok:  Message 26757623 accepted' exitcode=EX_OK
d√©c 21 23:03:46 host=mail.mailo.com tls=on auth=on user=leo.hubert@mailo.cat from=leo.hubert@mailo.cat recipients=leo.hubert@univ-amu.fr mailsize=866 smtpstatus=250 smtpmsg='250 Message to be delivered' exitcode=EX_OK
d√©c 22 13:36:13 host=smtp.univ-amu.fr tls=on auth=on user=leo.hubert@univ-amu.fr from=leo.hubert@univ-amu.fr recipients=sary-aurelien.drappeau@univ-amu.fr mailsize=2062 smtpstatus=250 smtpmsg='250 ok:  Message 27740958 accepted' exitcode=EX_OK
d√©c 22 13:37:48 host=smtp.univ-amu.fr tls=on auth=on user=leo.hubert@univ-amu.fr from=leo.hubert@univ-amu.fr recipients=sary-aurelien.drappeau@univ-amu.fr mailsize=991 smtpstatus=250 smtpmsg='250 ok:  Message 27740981 accepted' exitcode=EX_OK
d√©c 22 13:38:47 host=smtp.univ-amu.fr tls=on auth=on user=leo.hubert@univ-amu.fr from=leo.hubert@univ-amu.fr recipients=enea.parini@univ-amu.fr mailsize=3261 smtpstatus=250 smtpmsg='250 ok:  Message 27741004 accepted' exitcode=EX_OK
jan 02 19:16:22 host=smtp.univ-amu.fr tls=on auth=on user=leo.hubert@univ-amu.fr from=leo.hubert@univ-amu.fr recipients=sary-aurelien.drappeau@univ-amu.fr,francoise.battesti@univ-amu.fr,nicolas.choueiry@univ-amu.fr mailsize=1224 smtpstatus=250 smtpmsg='250 ok:  Message 27988261 accepted' exitcode=EX_OK
jan 06 19:46:43 host=smtp.univ-amu.fr tls=on auth=on user=leo.hubert@univ-amu.fr from=leo.hubert@univ-amu.fr recipients=sary-aurelien.drappeau@univ-amu.fr mailsize=5850 smtpstatus=250 smtpmsg='250 ok:  Message 105145279 accepted' exitcode=EX_OK
jan 09 17:59:28 host=mail.mailo.com tls=on auth=on user=leo.hubert@mailo.cat from=leo.hubert@mailo.cat recipients=karen.atlan@foncia.fr mailsize=1020 smtpstatus=250 smtpmsg='250 Message to be delivered' exitcode=EX_OK
jan 10 11:38:15 host=mail.mailo.com tls=on auth=on user=leo.hubert@mailo.cat from=leo.hubert@mailo.cat recipients=karen.atlan@foncia.fr mailsize=13560341 smtpstatus=250 smtpmsg='250 Message to be delivered' exitcode=EX_OK
jan 12 13:44:02 host=smtp.univ-amu.fr tls=on auth=on user=leo.hubert@univ-amu.fr from=leo.hubert@univ-amu.fr recipients=jeremi.chapon@etu.univ-amu.fr,julien.soler.1@etu.univ-amu.fr,khadija.ammari@etu.univ-amu.fr,ilyes.AFANTROS-ALLEL@etu.univ-amu.fr,paul.bellot@etu.univ-amu.fr,adam.BEN-MHENNI@etu.univ-amu.fr,khalid.tebai@etu.univ-amu.fr,mathis.VALLEJOS-CELOTTO@etu.univ-amu.fr,pierre.lemiere@etu.univ-amu.fr,esteban.hernandez@etu.univ-amu.fr,raffi.toussounian@etu.univ-amu.fr,amine.khadraoui@etu.univ-amu.fr,fana-diawo.NDIAYE@etu.univ-amu.fr,alexandre.herrera@etu.univ-amu.fr mailsize=1626 smtpstatus=250 smtpmsg='250 ok:  Message 106896806 accepted' exitcode=EX_OK
jan 16 14:51:15 host=smtp.univ-amu.fr tls=on auth=on user=leo.hubert@univ-amu.fr from=leo.hubert@univ-amu.fr recipients=sary-aurelien.drappeau@univ-amu.fr mailsize=1152 smtpstatus=250 smtpmsg='250 ok:  Message 108112968 accepted' exitcode=EX_OK
jan 16 14:55:43 host=smtp.univ-amu.fr tls=on auth=on user=leo.hubert@univ-amu.fr from=leo.hubert@univ-amu.fr recipients=enea.parini@univ-amu.fr mailsize=1206 smtpstatus=250 smtpmsg='250 ok:  Message 108113300 accepted' exitcode=EX_OK
jan 16 19:09:38 host=smtp.univ-amu.fr tls=on auth=on user=leo.hubert@univ-amu.fr from=leo.hubert@univ-amu.fr recipients=jean-francois.langrange@univ-amu.fr mailsize=785 smtpstatus=250 smtpmsg='250 ok:  Message 108138376 accepted' exitcode=EX_OK
jan 16 19:11:53 host=smtp.univ-amu.fr tls=on auth=on user=leo.hubert@univ-amu.fr from=leo.hubert@univ-amu.fr recipients=jean-francois.lagrange@univ-amu.fr mailsize=784 smtpstatus=250 smtpmsg='250 ok:  Message 108138620 accepted' exitcode=EX_OK
jan 19 16:42:47 host=mail.mailo.com tls=on auth=on user=leo.hubert@mailo.cat from=leo.hubert@mailo.cat recipients=clement.rioland@gmail.com mailsize=624 smtpstatus=250 smtpmsg='250 Message to be delivered' exitcode=EX_OK
jan 21 17:12:49 host=smtp.univ-amu.fr tls=on auth=on user=leo.hubert@univ-amu.fr from=leo.hubert@univ-amu.fr recipients=jean-francois.lagrange@univ-amu.fr mailsize=2630 smtpstatus=250 smtpmsg='250 ok:  Message 29602176 accepted' exitcode=EX_OK
jan 21 19:07:43 host=smtp.univ-amu.fr tls=on auth=on user=leo.hubert@univ-amu.fr from=leo.hubert@univ-amu.fr recipients=jean-francois.lagrange@univ-amu.fr mailsize=3697 smtpstatus=250 smtpmsg='250 ok:  Message 110163050 accepted' exitcode=EX_OK
jan 26 23:37:25 host=smtp.univ-amu.fr tls=on auth=on user=leo.hubert@univ-amu.fr from=leo.hubert@univ-amu.fr recipients=ilyes.AFANTROS-ALLEL@etu.univ-amu.fr mailsize=1416 smtpstatus=250 smtpmsg='250 ok:  Message 111778532 accepted' exitcode=EX_OK
jan 26 23:44:24 host=smtp.univ-amu.fr tls=on auth=on user=leo.hubert@univ-amu.fr from=leo.hubert@univ-amu.fr recipients=sary-aurelien.drappeau@univ-amu.fr mailsize=1048 smtpstatus=250 smtpmsg='250 ok:  Message 111778916 accepted' exitcode=EX_OK
jan 30 13:29:12 host=mail.mailo.com tls=on auth=on user=leo.hubert@mailo.cat from=leo.hubert@mailo.cat recipients=karen.atlan@foncia.fr mailsize=3592 smtpstatus=250 smtpmsg='250 Message to be delivered' exitcode=EX_OK
f√©v 03 16:56:25 host=smtp.univ-amu.fr tls=on auth=on user=leo.hubert@univ-amu.fr from=leo.hubert@univ-amu.fr recipients=laure.forno@univ-amu.fr mailsize=913226 smtpstatus=250 smtpmsg='250 ok:  Message 30577732 accepted' exitcode=EX_OK
f√©v 04 18:39:44 host=smtp.univ-amu.fr tls=on auth=on user=leo.hubert@univ-amu.fr from=leo.hubert@univ-amu.fr recipients=gregoire.marc@univ-tlse3.fr mailsize=1453 smtpstatus=250 smtpmsg='250 ok:  Message 114822706 accepted' exitcode=EX_OK
f√©v 06 19:27:49 host=smtp.univ-amu.fr tls=on auth=on user=leo.hubert@univ-amu.fr from=leo.hubert@univ-amu.fr recipients=gregoire.marc@univ-tlse3.fr mailsize=769 smtpstatus=250 smtpmsg='250 ok:  Message 30730488 accepted' exitcode=EX_OK
f√©v 16 13:25:17 host=mail.mailo.com tls=on auth=on user=leo.hubert@mailo.cat from=leo.hubert@mailo.cat recipients=rmorello.jazzmarseille@gmail.com mailsize=1722 smtpstatus=250 smtpmsg='250 Message to be delivered' exitcode=EX_OK
f√©v 19 21:12:21 host=mail.mailo.com tls=on auth=on user=leo.hubert@mailo.cat from=leo.hubert@mailo.cat recipients=dimitri.ara@univ-amu.fr mailsize=2816 smtpstatus=250 smtpmsg='250 Message to be delivered' exitcode=EX_OK
f√©v 27 14:52:42 host=smtp.univ-amu.fr tls=on auth=on user=leo.hubert@univ-amu.fr from=leo.hubert@univ-amu.fr recipients=categories-request@mta.ca mailsize=317 smtpstatus=250 smtpmsg='250 ok:  Message 32251812 accepted' exitcode=EX_OK
mar 04 13:41:43 host=mail.mailo.com tls=on auth=on user=leo.hubert@mailo.cat from=leo.hubert@mailo.cat recipients=karen.atlan@foncia.fr mailsize=9141 smtpstatus=250 smtpmsg='250 Message to be delivered' exitcode=EX_OK
mar 13 15:49:34 host=mail.mailo.com tls=on auth=on user=leo.hubert@mailo.cat from=leo.hubert@mailo.cat recipients=aagostini@unistra.fr mailsize=1631 smtpstatus=250 smtpmsg='250 Message to be delivered' exitcode=EX_OK
mar 17 13:11:28 host=mail.mailo.com tls=on auth=on user=leo.hubert@mailo.cat from=leo.hubert@mailo.cat recipients=karen.atlan@foncia.fr mailsize=10784 smtpstatus=250 smtpmsg='250 Message to be delivered' exitcode=EX_OK
mar 17 16:49:31 host=mail.mailo.com tls=on auth=on user=leo.hubert@mailo.cat from=leo.hubert@mailo.cat recipients=leo.hubert@univ-amu.fr mailsize=322 smtpstatus=250 smtpmsg='250 Message to be delivered' exitcode=EX_OK
mar 17 16:55:17 host=smtp.univ-amu.fr tls=on auth=on user=leo.hubert@univ-amu.fr from=leo.hubert@univ-amu.fr recipients=leo.hubert@mailo.cat errormsg='erreur de connexion √† smtp.univ-amu.fr, port 465 : Connection refused' exitcode=EX_TEMPFAIL
mar 17 16:56:07 host=mail.mailo.com tls=on auth=on user=leo.hubert@mailo.cat from=leo.hubert@mailo.cat recipients=leo.hubert@mailo.bzh mailsize=323 smtpstatus=250 smtpmsg='250 Message to be delivered' exitcode=EX_OK
mar 29 15:13:38 host=mail.mailo.com tls=on auth=on user=leo.hubert@mailo.cat from=leo.hubert@mailo.cat recipients=durocheraurelie@gmail.com mailsize=12457 smtpstatus=250 smtpmsg='250 Message to be delivered' exitcode=EX_OK
avr 02 16:35:32 host=mail.mailo.com tls=on auth=on user=leo.hubert@mailo.cat from=leo.hubert@mailo.cat recipients=sary-aurelien.drappeau@univ-amu.fr mailsize=2680 smtpstatus=250 smtpmsg='250 Message to be delivered' exitcode=EX_OK
avr 22 16:27:14 host=smtp.univ-amu.fr tls=on auth=on user=leo.hubert@univ-amu.fr from=leo.hubert@univ-amu.fr recipients=i2m-forum@univ-amu.fr errormsg='erreur de connexion √† smtp.univ-amu.fr, port 465 : Connection refused' exitcode=EX_TEMPFAIL
avr 22 16:27:28 host=smtp.univ-amu.fr tls=on auth=on user=leo.hubert@univ-amu.fr from=leo.hubert@univ-amu.fr recipients=i2m-forum@univ-amu.fr errormsg='erreur de connexion √† smtp.univ-amu.fr, port 465 : Connection refused' exitcode=EX_TEMPFAIL
avr 22 16:28:05 host=smtp.univ-amu.fr tls=on auth=on user=leo.hubert@univ-amu.fr from=leo.hubert@univ-amu.fr recipients=leo.hubert@mailo.cat errormsg='erreur de connexion √† smtp.univ-amu.fr, port 465 : Connection refused' exitcode=EX_TEMPFAIL
avr 22 16:29:24 host=mail.mailo.com tls=on auth=on user=leo.hubert@mailo.cat from=leo.hubert@mailo.cat recipients=leo.hubert@univ-amu.fr mailsize=302 smtpstatus=250 smtpmsg='250 Message to be delivered' exitcode=EX_OK
avr 22 16:37:30 host=smtp.univ-amu.fr tls=on auth=on user=leo.hubert@univ-amu.fr from=leo.hubert@univ-amu.fr recipients=leo.hubert@mailo.cat errormsg='erreur de connexion √† smtp.univ-amu.fr, port 465 : Connection refused' exitcode=EX_TEMPFAIL
avr 22 16:39:46 host=smtp.univ-amu.fr tls=on auth=on user=leo.hubert@univ-amu.fr from=leo.hubert@univ-amu.fr recipients=leo.hubert@mailo.cat errormsg='erreur de connexion √† smtp.univ-amu.fr, port 465 : Connection refused' exitcode=EX_TEMPFAIL
avr 22 16:39:57 host=smtp.univ-amu.fr tls=on auth=on user=leo.hubert@univ-amu.fr from=leo.hubert@univ-amu.fr recipients=leo.hubert@mailo.cat errormsg='erreur de connexion √† smtp.univ-amu.fr, port 465 : Connection refused' exitcode=EX_TEMPFAIL
avr 22 16:40:23 host=smtp.univ-amu.fr tls=on auth=on user=leo.hubert@univ-amu.fr from=leo.hubert@univ-amu.fr recipients=leo.hubert@mailo.cat errormsg='erreur de connexion √† smtp.univ-amu.fr, port 465 : Connection refused' exitcode=EX_TEMPFAIL
avr 22 16:50:41 host=smtp.univ-amu.fr tls=on auth=on user=leo.hubert@univ-amu.fr from=leo.hubert@univ-amu.fr recipients=leo.hubert@mailo.cat errormsg='√?chec de la poign√©e de main TLS : Un paquet TLS incorrect a √©t√© re√ßu.' exitcode=EX_PROTOCOL
avr 22 16:55:05 host=smtp.univ-amu.fr tls=on auth=on user=leo.hubert@univ-amu.fr from=leo.hubert@univ-amu.fr recipients=leo.hubert@mailo.cat errormsg='erreur de connexion √† smtp.univ-amu.fr, port 465 : Connection refused' exitcode=EX_TEMPFAIL
avr 22 16:58:04 host=smtp.univ-amu.fr tls=on auth=on user=leo.hubert@univ-amu.fr from=leo.hubert@univ-amu.fr recipients=leo.hubert@mailo.cat errormsg='erreur de connexion √† smtp.univ-amu.fr, port 465 : Connection refused' exitcode=EX_TEMPFAIL
avr 22 16:59:00 host=smtp.univ-amu.fr tls=on auth=on user=leo.hubert@univ-amu.fr from=leo.hubert@univ-amu.fr recipients=leo.hubert@mailo.cat errormsg='erreur de connexion √† smtp.univ-amu.fr, port 465 : Connection refused' exitcode=EX_TEMPFAIL
avr 27 18:30:15 host=smtp.univ-amu.fr tls=on auth=on user=leo.hubert@univ-amu.fr from=leo.hubert@univ-amu.fr recipients=leo.hubert@mailo.cat errormsg='erreur de connexion √† smtp.univ-amu.fr, port 465 : Connection refused' exitcode=EX_TEMPFAIL
avr 29 13:10:57 host=smtp.univ-amu.fr tls=on auth=on user=leo.hubert@univ-amu.fr from=leo.hubert@univ-amu.fr recipients=leo.hubert@mailo.cat errormsg='erreur de connexion √† smtp.univ-amu.fr, port 465 : Connection refused' exitcode=EX_TEMPFAIL
avr 29 13:12:48 host=smtp.univ-amu.fr tls=on auth=on user=leo.hubert@univ-amu.fr from=leo.hubert@univ-amu.fr recipients=leo.hubert@mailo.cat errormsg='√?chec de la poign√©e de main TLS : Un paquet TLS incorrect a √©t√© re√ßu.' exitcode=EX_PROTOCOL
avr 29 13:29:13 host=smtp.univ-amu.fr tls=on auth=on user=leo.hubert@univ-amu.fr from=leo.hubert@univ-amu.fr recipients=leo.hubert@mailo.cat errormsg='√?chec de la poign√©e de main TLS : Un paquet TLS incorrect a √©t√© re√ßu.' exitcode=EX_PROTOCOL
avr 29 13:29:38 host=smtp.univ-amu.fr tls=on auth=on user=leo.hubert@univ-amu.fr from=leo.hubert@univ-amu.fr recipients=leo.hubert@mailo.cat errormsg='erreur de connexion √† smtp.univ-amu.fr, port 465 : Connection refused' exitcode=EX_TEMPFAIL
avr 29 13:34:54 host=smtp.univ-amu.fr tls=on auth=on user=leo.hubert@univ-amu.fr from=leo.hubert@univ-amu.fr recipients=leo.hubert@mailo.cat errormsg='erreur de connexion √† smtp.univ-amu.fr, port 465 : Connection refused' exitcode=EX_TEMPFAIL
avr 29 17:08:24 host=smtp.univ-amu.fr tls=on auth=on user=leo.hubert@univ-amu.fr from=leo.hubert@univ-amu.fr recipients=leo.hubert@mailo.cat errormsg='erreur de connexion √† smtp.univ-amu.fr, port 465 : Connection refused' exitcode=EX_TEMPFAIL
avr 29 17:10:38 host=mail.mailo.com tls=on auth=on user=leo.hubert@mailo.cat from=leo.hubert@mailo.cat recipients=leo.hubert@univ-amu.fr mailsize=302 smtpstatus=250 smtpmsg='250 Message to be delivered' exitcode=EX_OK
avr 29 17:13:53 host=smtp.univ-amu.fr tls=on auth=on user=leo.hubert@univ-amu.fr from=leo.hubert@univ-amu.fr recipients=leo.hubert@mailo.cat errormsg='erreur de connexion √† smtp.univ-amu.fr, port 465 : Connection refused' exitcode=EX_TEMPFAIL
avr 29 17:40:31 host=smtp.univ-amu.fr tls=on auth=on user=leo.hubert@univ-amu.fr from=leo.hubert@univ-amu.fr recipients=leo.hubert@mailo.cat errormsg='erreur de connexion √† smtp.univ-amu.fr, port 465 : Connection refused' exitcode=EX_TEMPFAIL
avr 29 17:42:57 host=smtp.univ-amu.fr tls=on auth=on user=leo.hubert@univ-amu.fr from=leo.hubert@univ-amu.fr recipients=leo.hubert@mailo.cat errormsg='erreur de connexion √† smtp.univ-amu.fr, port 465 : Connection refused' exitcode=EX_TEMPFAIL
avr 29 17:46:02 host=smtp.univ-amu.fr tls=on auth=on user=leo.hubert@univ-amu.fr from=leo.hubert@univ-amu.fr recipients=leo.hubert@mailo.cat errormsg='√?chec de la poign√©e de main TLS : Un paquet TLS incorrect a √©t√© re√ßu.' exitcode=EX_PROTOCOL
avr 29 17:46:55 host=smtp.univ-amu.fr tls=on auth=on user=leo.hubert@univ-amu.fr from=leo.hubert@univ-amu.fr recipients=leo.hubert@mailo.cat errormsg='√?chec de la poign√©e de main TLS : Un paquet TLS incorrect a √©t√© re√ßu.' exitcode=EX_PROTOCOL
avr 29 17:48:54 host=smtp.univ-amu.fr tls=on auth=on user=leo.hubert@univ-amu.fr from=leo.hubert@univ-amu.fr recipients=leo.hubert@mailo.cat mailsize=911 smtpstatus=250 smtpmsg='250 ok:  Message 142948517 accepted' exitcode=EX_OK
avr 29 17:50:12 host=smtp.univ-amu.fr tls=on auth=on user=leo.hubert@univ-amu.fr from=leo.hubert@univ-amu.fr recipients=leo.hubert@mailo.cat mailsize=567 smtpstatus=250 smtpmsg='250 ok:  Message 142948898 accepted' exitcode=EX_OK
avr 29 17:54:33 host=smtp.univ-amu.fr tls=on auth=on user=leo.hubert@univ-amu.fr from=leo.hubert@univ-amu.fr recipients=leo.hubert@mailo.cat mailsize=574 smtpstatus=250 smtpmsg='250 ok:  Message 37081110 accepted' exitcode=EX_OK
avr 29 18:33:17 host=mail.mailo.com tls=on auth=on user=leo.hubert@mailo.cat from=leo.hubert@mailo.cat recipients=sciences-maths-direction@univ-amu.fr mailsize=2088 smtpstatus=250 smtpmsg='250 Message to be delivered' exitcode=EX_OK
avr 29 19:21:57 host=mail.mailo.com tls=on auth=on user=leo.hubert@mailo.cat from=leo.hubert@mailo.cat recipients=rmorello.jazzmarseille@gmail.com mailsize=881 smtpstatus=250 smtpmsg='250 Message to be delivered' exitcode=EX_OK
mai 03 18:39:30 host=smtp.univ-amu.fr tls=on auth=on user=leo.hubert@univ-amu.fr from=leo.hubert@univ-amu.fr recipients=sciences-maths-direction@univ-amu.fr mailsize=653 smtpstatus=250 smtpmsg='250 ok:  Message 143945155 accepted' exitcode=EX_OK
mai 03 18:56:26 host=smtp.univ-amu.fr tls=on auth=on user=leo.hubert@univ-amu.fr from=leo.hubert@univ-amu.fr recipients=sary-aurelien.drappeau@univ-amu.fr mailsize=628 smtpstatus=250 smtpmsg='250 ok:  Message 37307638 accepted' exitcode=EX_OK
mai 03 22:45:05 host=mail.mailo.com tls=on auth=on user=leo.hubert@mailo.cat from=leo.hubert@mailo.cat recipients=durocheraurelie@gmail.com mailsize=215011 smtpstatus=250 smtpmsg='250 Message to be delivered' exitcode=EX_OK
mai 04 17:04:22 host=smtp.univ-amu.fr tls=on auth=on user=leo.hubert@univ-amu.fr from=leo.hubert@univ-amu.fr recipients=sciences.maths.direction@univ-amu.fr mailsize=1657 smtpstatus=250 smtpmsg='250 ok:  Message 144344164 accepted' exitcode=EX_OK
mai 04 17:07:33 host=smtp.univ-amu.fr tls=on auth=on user=leo.hubert@univ-amu.fr from=leo.hubert@univ-amu.fr recipients=sciences-maths-direction@univ-amu.fr mailsize=1700 smtpstatus=250 smtpmsg='250 ok:  Message 144345348 accepted' exitcode=EX_OK
mai 06 12:31:02 host=mail.mailo.com tls=on auth=on user=leo.hubert@mailo.cat from=leo.hubert@mailo.cat recipients=sciences-maths-direction@univ-amu.fr mailsize=1883 smtpstatus=250 smtpmsg='250 Message to be delivered' exitcode=EX_OK
mai 06 13:08:41 host=smtp.univ-amu.fr tls=on auth=on user=leo.hubert@univ-amu.fr from=leo.hubert@univ-amu.fr recipients=felix.loubaton@gmail.com mailsize=1682 smtpstatus=250 smtpmsg='250 ok:  Message 37529962 accepted' exitcode=EX_OK
mai 09 18:03:48 host=smtp.univ-amu.fr tls=on auth=on user=leo.hubert@univ-amu.fr from=leo.hubert@univ-amu.fr recipients=serge.troubetzkoy@univ-amu.fr mailsize=774 smtpstatus=250 smtpmsg='250 ok:  Message 145663619 accepted' exitcode=EX_OK
mai 13 18:51:27 host=mail.mailo.com tls=on auth=on user=leo.hubert@mailo.cat from=leo.hubert@mailo.cat recipients=durocheraurelie@gmail.com mailsize=144169 smtpstatus=250 smtpmsg='250 Message to be delivered' exitcode=EX_OK
mai 16 20:16:05 host=mail.mailo.com tls=on auth=on user=leo.hubert@mailo.cat from=leo.hubert@mailo.cat recipients=fabien.ottones@gmail.com,fab.coolmusic@gmail.com,leo.hubert.lh@gmail.com,mbumgardner94@gmail.com,benoit.moreau1@gmail.com,timonimbert@gmail.com,damboutonnet@gmail.com mailsize=77317 smtpstatus=250 smtpmsg='250 Message to be delivered' exitcode=EX_OK
mai 20 17:04:12 host=mail.mailo.com tls=on auth=on user=leo.hubert@mailo.cat from=leo.hubert@mailo.cat recipients=rmorello.jazzmarseille@gmail.com mailsize=1772 smtpstatus=250 smtpmsg='250 Message to be delivered' exitcode=EX_OK
mai 26 12:33:46 host=mail.mailo.com tls=on auth=on user=leo.hubert@mailo.cat from=leo.hubert@mailo.cat recipients=guigogane@gmail.com mailsize=905886 smtpstatus=250 smtpmsg='250 Message to be delivered' exitcode=EX_OK
mai 26 12:39:31 host=mail.mailo.com tls=on auth=on user=leo.hubert@mailo.cat from=leo.hubert@mailo.cat recipients=fabien.ottones@gmail.com mailsize=1018433 smtpstatus=250 smtpmsg='250 Message to be delivered' exitcode=EX_OK
jui 05 13:53:35 host=mail.mailo.com tls=on auth=on user=leo.hubert@mailo.cat from=leo.hubert@mailo.cat recipients=fabien.ottones@gmail.com mailsize=170824 smtpstatus=250 smtpmsg='250 Message to be delivered' exitcode=EX_OK
jui 05 16:42:30 host=mail.mailo.com tls=on auth=on user=leo.hubert@mailo.cat from=leo.hubert@mailo.cat recipients=fabien.ottones@gmail.com mailsize=2185 smtpstatus=250 smtpmsg='250 Message to be delivered' exitcode=EX_OK
jui 05 20:37:08 host=mail.mailo.com tls=on auth=on user=leo.hubert@mailo.cat from=leo.hubert@mailo.cat recipients=fabien.ottones@gmail.com mailsize=352357 smtpstatus=250 smtpmsg='250 Message to be delivered' exitcode=EX_OK
jui 08 18:49:24 host=mail.mailo.com tls=on auth=on user=leo.hubert@mailo.cat from=leo.hubert@mailo.cat recipients=martinez.jeremi.13@gmail.com mailsize=170470 smtpstatus=250 smtpmsg='250 Message to be delivered' exitcode=EX_OK
jui 17 16:42:53 host=smtp.univ-amu.fr tls=on auth=on user=leo.hubert@univ-amu.fr from=leo.hubert@univ-amu.fr recipients=olivier.chabrol@univ-amu.fr mailsize=2549 smtpstatus=250 smtpmsg='250 ok:  Message 40752643 accepted' exitcode=EX_OK
jui 17 16:45:12 host=smtp.univ-amu.fr tls=on auth=on user=leo.hubert@univ-amu.fr from=leo.hubert@univ-amu.fr recipients=felix.loubaton@gmail.com mailsize=1196 smtpstatus=250 smtpmsg='250 ok:  Message 40752799 accepted' exitcode=EX_OK
jui 18 14:11:58 host=smtp.univ-amu.fr tls=on auth=on user=leo.hubert@univ-amu.fr from=leo.hubert@univ-amu.fr recipients=felix.loubaton@gmail.com mailsize=3098 smtpstatus=250 smtpmsg='250 ok:  Message 40775405 accepted' exitcode=EX_OK
jui 25 23:06:02 host=mail.mailo.com tls=on auth=on user=leo.hubert@mailo.cat from=leo.hubert@mailo.cat recipients=administration@ninespirit.org,stegerdaniel53@gmail.com mailsize=1016 smtpstatus=250 smtpmsg='250 Message to be delivered' exitcode=EX_OK
jui 28 21:53:25 host=mail.mailo.com tls=on auth=on user=leo.hubert@mailo.cat from=leo.hubert@mailo.cat recipients=production@marseillejazz.com mailsize=1054 smtpstatus=250 smtpmsg='250 Message to be delivered' exitcode=EX_OK
jui 28 21:55:42 host=mail.mailo.com tls=on auth=on user=leo.hubert@mailo.cat from=leo.hubert@mailo.cat recipients=administration@ninespirit.org mailsize=1876 smtpstatus=250 smtpmsg='250 Message to be delivered' exitcode=EX_OK
jul 01 14:20:36 host=mail.mailo.com tls=on auth=on user=leo.hubert@mailo.cat from=leo.hubert@mailo.cat recipients=garance.pichet@ifamm.fr,nicolas.journot@conservatoiredemarseille.fr mailsize=2435 smtpstatus=250 smtpmsg='250 Message to be delivered' exitcode=EX_OK
jul 02 19:27:09 host=mail.mailo.com tls=on auth=on user=leo.hubert@mailo.cat from=leo.hubert@mailo.cat recipients=garance.pichet@ifamm.fr,nicolas.journot@conservatoiredemarseille.fr mailsize=2737 smtpstatus=250 smtpmsg='250 Message to be delivered' exitcode=EX_OK
jul 06 16:36:52 host=mail.mailo.com tls=on auth=on user=leo.hubert@mailo.cat from=leo.hubert@mailo.cat recipients=yves.lafont@univ-amu.fr,lionel.vaux@univ-amu.fr,dimitri.ara@univ-amu.fr,metayer@irif.fr mailsize=1190 smtpstatus=250 smtpmsg='250 Message to be delivered' exitcode=EX_OK
jul 19 12:08:32 host=mail.mailo.com tls=on auth=on user=leo.hubert@mailo.cat from=leo.hubert@mailo.cat recipients=tog@vy.no mailsize=779 smtpstatus=250 smtpmsg='250 Message to be delivered' exitcode=EX_OK
ao√ª 13 00:23:26 host=mail.mailo.com tls=on auth=on user=leo.hubert@mailo.cat from=leo.hubert@mailo.cat recipients=karen.atlan@foncia.fr mailsize=1079137 smtpstatus=250 smtpmsg='250 Message to be delivered' exitcode=EX_OK
ao√ª 19 14:13:13 host=smtp.univ-amu.fr tls=on auth=on user=leo.hubert@univ-amu.fr from=leo.hubert@univ-amu.fr recipients=jessica.bouanane@univ-amu.fr mailsize=4006 smtpstatus=250 smtpmsg='250 ok:  Message 44375336 accepted' exitcode=EX_OK
ao√ª 19 14:33:17 host=smtp.univ-amu.fr tls=on auth=on user=leo.hubert@univ-amu.fr from=leo.hubert@univ-amu.fr recipients=gayafeldheim@gmail.com mailsize=441 smtpstatus=250 smtpmsg='250 ok:  Message 44375778 accepted' exitcode=EX_OK
ao√ª 19 14:45:50 host=smtp.univ-amu.fr tls=on auth=on user=leo.hubert@univ-amu.fr from=leo.hubert@univ-amu.fr recipients=gayafeldheim@gmail.com smtpstatus=552 smtpmsg='552 #5.3.4 message size exceeds limit' errormsg='le serveur n?a pas accept√© le courriel' exitcode=EX_UNAVAILABLE
ao√ª 19 14:47:07 host=smtp.univ-amu.fr tls=on auth=on user=leo.hubert@univ-amu.fr from=leo.hubert@univ-amu.fr recipients=gayafeldheim@gmail.com mailsize=708 smtpstatus=250 smtpmsg='250 ok:  Message 44376029 accepted' exitcode=EX_OK
ao√ª 19 15:52:39 host=smtp.univ-amu.fr tls=on auth=on user=leo.hubert@univ-amu.fr from=leo.hubert@univ-amu.fr recipients=jessica.bouanane@univ-amu.fr mailsize=219508 smtpstatus=250 smtpmsg='250 ok:  Message 174266139 accepted' exitcode=EX_OK
ao√ª 26 16:15:48 host=mail.mailo.com tls=on auth=on user=leo.hubert@mailo.cat from=leo.hubert@mailo.cat recipients=fabien.ottones@gmail.com mailsize=1080 smtpstatus=250 smtpmsg='250 Message to be delivered' exitcode=EX_OK
sep 13 22:17:39 host=mail.mailo.com tls=on auth=on user=leo.hubert@mailo.cat from=leo.hubert@mailo.cat recipients=festival-emouvantes@tchamitchian.fr mailsize=573 smtpstatus=250 smtpmsg='250 Message to be delivered' exitcode=EX_OK
sep 14 15:06:35 host=mail.mailo.com tls=on auth=on user=leo.hubert@mailo.cat from=leo.hubert@mailo.cat recipients=durocheraurelie@gmail.com mailsize=200633 smtpstatus=250 smtpmsg='250 Message to be delivered' exitcode=EX_OK
sep 17 18:11:04 host=mail.mailo.com tls=on auth=on user=leo.hubert@mailo.cat from=leo.hubert@mailo.cat recipients=christophe.duverne@univ-amu.fr mailsize=901 smtpstatus=250 smtpmsg='250 Message to be delivered' exitcode=EX_OK
sep 28 18:13:48 host=mail.mailo.com tls=on auth=on user=leo.hubert@mailo.cat from=leo.hubert@mailo.cat recipients=romain.morello@conservatoiredemarseille.fr mailsize=1784 smtpstatus=250 smtpmsg='250 Message to be delivered' exitcode=EX_OK
oct 10 22:52:09 host=mail.mailo.com tls=on auth=on user=leo.hubert@mailo.cat from=leo.hubert@mailo.cat recipients=leo.hubert@mailo.cat mailsize=1888168 smtpstatus=250 smtpmsg='250 Message to be delivered' exitcode=EX_OK
oct 12 15:05:28 host=mail.mailo.com tls=on auth=on user=leo.hubert@mailo.cat from=leo.hubert@mailo.cat recipients=randobenjamin@gmail.com mailsize=1901 smtpstatus=250 smtpmsg='250 Message to be delivered' exitcode=EX_OK
oct 13 19:15:01 host=mail.mailo.com tls=on auth=on user=leo.hubert@mailo.cat from=leo.hubert@mailo.cat recipients=romain.morello@conservatoiredemarseille.fr mailsize=812809 smtpstatus=250 smtpmsg='250 Message to be delivered' exitcode=EX_OK
oct 30 22:07:58 host=mail.mailo.com tls=on auth=on user=leo.hubert@mailo.cat from=leo.hubert@mailo.cat recipients=randobenjamin@gmail.com mailsize=2319 smtpstatus=250 smtpmsg='250 Message to be delivered' exitcode=EX_OK
nov 08 15:19:27 host=mail.mailo.com tls=on auth=on user=leo.hubert@mailo.cat from=leo.hubert@mailo.cat recipients=karen.atlan@foncia.fr mailsize=5564314 smtpstatus=250 smtpmsg='250 Message to be delivered' exitcode=EX_OK
nov 08 15:25:19 host=mail.mailo.com tls=on auth=on user=leo.hubert@mailo.cat from=leo.hubert@mailo.cat recipients=romain.morello@conservatoiredemarseille.fr mailsize=1499 smtpstatus=250 smtpmsg='250 Message to be delivered' exitcode=EX_OK
nov 14 20:03:02 host=mail.mailo.com tls=on auth=on user=leo.hubert@mailo.cat from=leo.hubert@mailo.cat recipients=randobenjamin@gmail.com mailsize=32480 smtpstatus=250 smtpmsg='250 Message to be delivered' exitcode=EX_OK
nov 20 15:27:54 host=mail.mailo.com tls=on auth=on user=leo.hubert@mailo.cat from=leo.hubert@mailo.cat recipients=test errormsg='la m√©thode d?authentification LOGIN requiert un mot de passe' exitcode=EX_UNAVAILABLE
nov 20 15:33:53 host=mail.mailo.com tls=on auth=on user=leo.hubert@mailo.cat from=leo.hubert@mailo.cat recipients=test@macbook-pro-de-leo.local smtpstatus=535 smtpmsg='535 Authentication refused' errormsg='√©chec de l?authentification (m√©thode LOGIN)' exitcode=EX_NOPERM
nov 20 15:35:14 host=mail.mailo.com tls=on auth=on user=leo.hubert@mailo.cat from=leo.hubert@mailo.cat recipients=test@macbook-pro-de-leo.local smtpstatus=504 smtpmsg='504 <test@macbook-pro-de-leo.local> rejected: bad address format' errormsg='l?adresse de destinataire test@macbook-pro-de-leo.local n?est pas accept√©e par le serveur' exitcode=EX_DATAERR
nov 20 15:35:48 host=mail.mailo.com tls=on auth=on user=leo.hubert@mailo.cat from=leo.hubert@mailo.cat recipients=leo.hubert@mailo.cat mailsize=300 smtpstatus=250 smtpmsg='250 Message to be delivered' exitcode=EX_OK
nov 20 15:46:59 host=smtp.univ-amu.fr tls=on auth=on user=leo.hubert@univ-amu.fr from=leo.hubert@univ-amu.fr recipients=jessica.bouanane@univ-amu.fr errormsg='la m√©thode d?authentification PLAIN requiert un mot de passe' exitcode=EX_UNAVAILABLE
nov 20 15:48:55 host=smtp.univ-amu.fr tls=on auth=on user=leo.hubert@univ-amu.fr from=leo.hubert@univ-amu.fr recipients=leo.hubert@mailo.cat errormsg='la m√©thode d?authentification PLAIN requiert un mot de passe' exitcode=EX_UNAVAILABLE
nov 20 15:50:01 host=smtp.univ-amu.fr tls=on auth=on user=leo.hubert@univ-amu.fr from=leo.hubert@univ-amu.fr recipients=leo.hubert@mailo.cat mailsize=304 smtpstatus=250 smtpmsg='250 ok:  Message 52696225 accepted' exitcode=EX_OK
nov 20 15:50:36 host=smtp.univ-amu.fr tls=on auth=on user=leo.hubert@univ-amu.fr from=leo.hubert@univ-amu.fr recipients=jessica.bouanane@univ-amu.fr mailsize=804360 smtpstatus=250 smtpmsg='250 ok:  Message 52696253 accepted' exitcode=EX_OK
nov 23 17:55:37 host=mail.mailo.com tls=on auth=on user=leo.hubert@mailo.cat from=leo.hubert@mailo.cat recipients=romain.morello@conservatoiredemarseille.fr mailsize=602704 smtpstatus=250 smtpmsg='250 Message to be delivered' exitcode=EX_OK
nov 27 14:05:34 host=smtp.univ-amu.fr tls=on auth=on user=leo.hubert@univ-amu.fr from=leo.hubert@univ-amu.fr recipients=Frederic.Patras@unice.fr mailsize=2012 smtpstatus=250 smtpmsg='250 ok:  Message 206150507 accepted' exitcode=EX_OK
d√©c 05 12:48:31 host=mail.mailo.com tls=on auth=on user=leo.hubert@mailo.cat from=leo.hubert@mailo.cat recipients=randobenjamin@gmail.com mailsize=129827 smtpstatus=250 smtpmsg='250 Message to be delivered' exitcode=EX_OK
d√©c 12 18:50:04 host=mail.mailo.com tls=on auth=on user=leo.hubert@mailo.cat from=leo.hubert@mailo.cat recipients=leo.hubert@univ-amu.fr errormsg='la m√©thode d?authentification LOGIN requiert un mot de passe' exitcode=EX_UNAVAILABLE
d√©c 12 18:54:58 host=mail.mailo.com tls=on auth=on user=leo.hubert@mailo.cat from=leo.hubert@mailo.cat recipients=leo.hubert@univ-amu.fr errormsg='la m√©thode d?authentification LOGIN requiert un mot de passe' exitcode=EX_UNAVAILABLE
d√©c 12 18:56:20 host=mail.mailo.com tls=on auth=on user=leo.hubert@mailo.cat from=leo.hubert@mailo.cat recipients=leo.hubert@univ-amu.fr mailsize=365 smtpstatus=250 smtpmsg='250 Message to be delivered' exitcode=EX_OK
d√©c 12 18:56:48 host=smtp.univ-amu.fr tls=on auth=on user=leo.hubert@univ-amu.fr from=leo.hubert@univ-amu.fr recipients=leo.hubert@mailo.cat errormsg='la m√©thode d?authentification PLAIN requiert un mot de passe' exitcode=EX_UNAVAILABLE
d√©c 12 18:58:31 host=smtp.univ-amu.fr tls=on auth=on user=leo.hubert@univ-amu.fr from=leo.hubert@univ-amu.fr recipients=leo.hubert@mailo.cat errormsg='la m√©thode d?authentification PLAIN requiert un mot de passe' exitcode=EX_UNAVAILABLE
d√©c 12 18:59:33 host=smtp.univ-amu.fr tls=on auth=on user=leo.hubert@univ-amu.fr from=leo.hubert@univ-amu.fr recipients=leo.hubert@mailo.cat smtpstatus=535 smtpmsg='535 #5.7.0 Authentication failed' errormsg='√©chec de l?authentification (m√©thode PLAIN)' exitcode=EX_NOPERM
d√©c 12 18:59:58 host=smtp.univ-amu.fr tls=on auth=on user=leo.hubert@univ-amu.fr from=leo.hubert@univ-amu.fr recipients=leo.hubert@mailo.cat mailsize=568 smtpstatus=250 smtpmsg='250 ok:  Message 54615014 accepted' exitcode=EX_OK
d√©c 14 14:19:41 host=mail.mailo.com tls=on auth=on user=leo.hubert@mailo.cat from=leo.hubert@mailo.cat recipients=leo.hubert@mailo.cat mailsize=2194 smtpstatus=250 smtpmsg='250 Message to be delivered' exitcode=EX_OK
d√©c 14 14:22:02 host=mail.mailo.com tls=on auth=on user=leo.hubert@mailo.cat from=leo.hubert@mailo.cat recipients=leo.hubert@mailo.cat mailsize=1665 smtpstatus=250 smtpmsg='250 Message to be delivered' exitcode=EX_OK
d√©c 14 14:23:57 host=mail.mailo.com tls=on auth=on user=leo.hubert@mailo.cat from=leo.hubert@mailo.cat recipients=leo.hubert.lh@gmail.com mailsize=1861 smtpstatus=250 smtpmsg='250 Message to be delivered' exitcode=EX_OK
d√©c 14 14:28:30 host=mail.mailo.com tls=on auth=on user=leo.hubert@mailo.cat from=leo.hubert@mailo.cat recipients=leo.hubert.lh@gmail.com mailsize=2614 smtpstatus=250 smtpmsg='250 Message to be delivered' exitcode=EX_OK
d√©c 14 14:37:40 host=mail.mailo.com tls=on auth=on user=leo.hubert@mailo.cat from=leo.hubert@mailo.cat recipients=leo.hubert.lh@gmail.com mailsize=2061 smtpstatus=250 smtpmsg='250 Message to be delivered' exitcode=EX_OK
d√©c 14 14:40:11 host=mail.mailo.com tls=on auth=on user=leo.hubert@mailo.cat from=leo.hubert@mailo.cat recipients=leo.hubert.lh@gmail.com mailsize=1943 smtpstatus=250 smtpmsg='250 Message to be delivered' exitcode=EX_OK
d√©c 14 14:44:55 host=mail.mailo.com tls=on auth=on user=leo.hubert@mailo.cat from=leo.hubert@mailo.cat recipients=leo.hubert.lh@gmail.com mailsize=1906 smtpstatus=250 smtpmsg='250 Message to be delivered' exitcode=EX_OK
d√©c 14 14:46:59 host=mail.mailo.com tls=on auth=on user=leo.hubert@mailo.cat from=leo.hubert@mailo.cat recipients=leo.hubert.lh@gmail.com mailsize=1734 smtpstatus=250 smtpmsg='250 Message to be delivered' exitcode=EX_OK
d√©c 14 14:56:08 host=mail.mailo.com tls=on auth=on user=leo.hubert@mailo.cat from=leo.hubert@mailo.cat recipients=leo.hubert.lh@gmail.com mailsize=6745 smtpstatus=250 smtpmsg='250 Message to be delivered' exitcode=EX_OK
d√©c 14 16:07:59 host=mail.mailo.com tls=on auth=on user=leo.hubert@mailo.cat from=leo.hubert@mailo.cat recipients=leo.hubert.lh@gmail.com mailsize=2030 smtpstatus=250 smtpmsg='250 Message to be delivered' exitcode=EX_OK
d√©c 14 16:16:39 host=mail.mailo.com tls=on auth=on user=leo.hubert@mailo.cat from=leo.hubert@mailo.cat recipients=leo.hubert.lh@gmail.com mailsize=7924 smtpstatus=250 smtpmsg='250 Message to be delivered' exitcode=EX_OK
d√©c 14 16:20:39 host=mail.mailo.com tls=on auth=on user=leo.hubert@mailo.cat from=leo.hubert@mailo.cat recipients=leo.hubert.lh@gmail.com mailsize=7829 smtpstatus=250 smtpmsg='250 Message to be delivered' exitcode=EX_OK
d√©c 14 16:26:53 host=mail.mailo.com tls=on auth=on user=leo.hubert@mailo.cat from=leo.hubert@mailo.cat recipients=leo.hubert.lh@gmail.com mailsize=7851 smtpstatus=250 smtpmsg='250 Message to be delivered' exitcode=EX_OK
d√©c 14 16:43:59 host=mail.mailo.com tls=on auth=on user=leo.hubert@mailo.cat from=leo.hubert@mailo.cat recipients=leo.hubert.lh@gmail.com mailsize=7869 smtpstatus=250 smtpmsg='250 Message to be delivered' exitcode=EX_OK
d√©c 14 16:45:30 host=mail.mailo.com tls=on auth=on user=leo.hubert@mailo.cat from=leo.hubert@mailo.cat recipients=leo.hubert.lh@gmail.com mailsize=7854 smtpstatus=250 smtpmsg='250 Message to be delivered' exitcode=EX_OK
d√©c 14 16:46:58 host=mail.mailo.com tls=on auth=on user=leo.hubert@mailo.cat from=leo.hubert@mailo.cat recipients=dioufsamuel@hotmail.com,leo.hubert.lh@gmail.com mailsize=7969 smtpstatus=250 smtpmsg='250 Message to be delivered' exitcode=EX_OK
d√©c 14 16:54:02 host=mail.mailo.com tls=on auth=on user=leo.hubert@mailo.cat from=leo.hubert@mailo.cat recipients=martinez.jeremi.13@gmail.com mailsize=7955 smtpstatus=250 smtpmsg='250 Message to be delivered' exitcode=EX_OK
d√©c 14 18:16:44 host=mail.mailo.com tls=on auth=on user=leo.hubert@mailo.cat from=leo.hubert@mailo.cat recipients=leo.hubert.lh@gmail.com mailsize=4508 smtpstatus=250 smtpmsg='250 Message to be delivered' exitcode=EX_OK
d√©c 14 18:17:27 host=mail.mailo.com tls=on auth=on user=leo.hubert@mailo.cat from=leo.hubert@mailo.cat recipients=leo.hubert.lh@gmail.com mailsize=619 smtpstatus=250 smtpmsg='250 Message to be delivered' exitcode=EX_OK
d√©c 14 18:19:06 host=mail.mailo.com tls=on auth=on user=leo.hubert@mailo.cat from=leo.hubert@mailo.cat recipients=leo.hubert.lh@gmail.com mailsize=791 smtpstatus=250 smtpmsg='250 Message to be delivered' exitcode=EX_OK
d√©c 14 18:21:36 host=mail.mailo.com tls=on auth=on user=leo.hubert@mailo.cat from=leo.hubert@mailo.cat recipients=leo.hubert.lh@gmail.com mailsize=4844 smtpstatus=250 smtpmsg='250 Message to be delivered' exitcode=EX_OK
d√©c 14 18:23:14 host=mail.mailo.com tls=on auth=on user=leo.hubert@mailo.cat from=leo.hubert@mailo.cat recipients=leo.hubert.lh@gmail.com mailsize=4459 smtpstatus=250 smtpmsg='250 Message to be delivered' exitcode=EX_OK
d√©c 14 18:24:17 host=mail.mailo.com tls=on auth=on user=leo.hubert@mailo.cat from=leo.hubert@mailo.cat recipients=leo.hubert.lh@gmail.com mailsize=652 smtpstatus=250 smtpmsg='250 Message to be delivered' exitcode=EX_OK
d√©c 14 18:25:05 host=mail.mailo.com tls=on auth=on user=leo.hubert@mailo.cat from=leo.hubert@mailo.cat recipients=leo.hubert.lh@gmail.com mailsize=5116 smtpstatus=250 smtpmsg='250 Message to be delivered' exitcode=EX_OK
d√©c 14 20:12:14 host=mail.mailo.com tls=on auth=on user=leo.hubert@mailo.cat from=leo.hubert@mailo.cat recipients=leo.hubert.lh@gmail.com mailsize=4383 smtpstatus=250 smtpmsg='250 Message to be delivered' exitcode=EX_OK
d√©c 14 20:15:34 host=mail.mailo.com tls=on auth=on user=leo.hubert@mailo.cat from=leo.hubert@mailo.cat recipients=leo.hubert.lh@gmail.com mailsize=1969 smtpstatus=250 smtpmsg='250 Message to be delivered' exitcode=EX_OK
d√©c 16 15:08:05 host=mail.mailo.com tls=on auth=on user=leo.hubert@mailo.cat from=leo.hubert@mailo.cat recipients=leo.hubert.lh@gmail.com mailsize=7705 smtpstatus=250 smtpmsg='250 Message to be delivered' exitcode=EX_OK
d√©c 16 15:14:25 host=mail.mailo.com tls=on auth=on user=leo.hubert@mailo.cat from=leo.hubert@mailo.cat recipients=leo.hubert.lh@gmail.com mailsize=1904 smtpstatus=250 smtpmsg='250 Message to be delivered' exitcode=EX_OK
d√©c 16 15:15:14 host=mail.mailo.com tls=on auth=on user=leo.hubert@mailo.cat from=leo.hubert@mailo.cat recipients=leo.hubert.lh@gmail.com mailsize=7763 smtpstatus=250 smtpmsg='250 Message to be delivered' exitcode=EX_OK
d√©c 16 15:19:40 host=mail.mailo.com tls=on auth=on user=leo.hubert@mailo.cat from=leo.hubert@mailo.cat recipients=leo.hubert.lh@gmail.com mailsize=7780 smtpstatus=250 smtpmsg='250 Message to be delivered' exitcode=EX_OK
d√©c 16 15:38:17 host=mail.mailo.com tls=on auth=on user=leo.hubert@mailo.cat from=leo.hubert@mailo.cat recipients=mleruth@vdl.lu,skieffer@vdl.lu,mhoffmann@vdl.lu mailsize=7808 smtpstatus=250 smtpmsg='250 Message to be delivered' exitcode=EX_OK
d√©c 16 16:00:22 host=mail.mailo.com tls=on auth=on user=leo.hubert@mailo.cat from=leo.hubert@mailo.cat recipients=raphael.imbert@conservatoiredemarseille.fr mailsize=7730 smtpstatus=250 smtpmsg='250 Message to be delivered' exitcode=EX_OK
d√©c 16 16:08:36 host=mail.mailo.com tls=on auth=on user=leo.hubert@mailo.cat from=leo.hubert@mailo.cat recipients=fabien.ottones@gmail.com mailsize=8338 smtpstatus=250 smtpmsg='250 Message to be delivered' exitcode=EX_OK
d√©c 16 16:20:48 host=mail.mailo.com tls=on auth=on user=leo.hubert@mailo.cat from=leo.hubert@mailo.cat recipients=martinez.jeremi.13@gmail.com mailsize=7828 smtpstatus=250 smtpmsg='250 Message to be delivered' exitcode=EX_OK
d√©c 18 11:40:15 host=mail.mailo.com tls=on auth=on user=leo.hubert@mailo.cat from=leo.hubert@mailo.cat recipients=jessica.bouanane@univ-amu.fr mailsize=164576 smtpstatus=250 smtpmsg='250 Message to be delivered' exitcode=EX_OK
d√©c 27 18:43:38 host=mail.mailo.com tls=on auth=on user=leo.hubert@mailo.cat from=leo.hubert@mailo.cat recipients=hello@tubble.com mailsize=757 smtpstatus=250 smtpmsg='250 Message to be delivered' exitcode=EX_OK
d√©c 28 17:41:01 host=mail.mailo.com tls=on auth=on user=leo.hubert@mailo.cat from=leo.hubert@mailo.cat recipients=leo.hubert.lh@gmail.com mailsize=7316 smtpstatus=250 smtpmsg='250 Message to be delivered' exitcode=EX_OK
d√©c 28 17:48:34 host=mail.mailo.com tls=on auth=on user=leo.hubert@mailo.cat from=leo.hubert@mailo.cat recipients=hkieffer@marseillejazz.com mailsize=7381 smtpstatus=250 smtpmsg='250 Message to be delivered' exitcode=EX_OK
d√©c 31 17:52:56 host=mail.mailo.com tls=on auth=on user=leo.hubert@mailo.cat from=leo.hubert@mailo.cat recipients=romain.morello@conservatoiredemarseille.fr mailsize=867597 smtpstatus=250 smtpmsg='250 Message to be delivered' exitcode=EX_OK
jan 01 17:02:48 host=mail.mailo.com tls=on auth=on user=leo.hubert@mailo.cat from=leo.hubert@mailo.cat recipients=randobenjamin@gmail.com mailsize=6446 smtpstatus=250 smtpmsg='250 Message to be delivered' exitcode=EX_OK
jan 03 15:46:49 host=mail.mailo.com tls=on auth=on user=leo.hubert@mailo.cat from=leo.hubert@mailo.cat recipients=cybele@jazzavienne.com mailsize=771 smtpstatus=250 smtpmsg='250 Message to be delivered' exitcode=EX_OK
